build/outputs/apk/manifest-merger-debug-report.txt
-- Merging decision tree log ---
manifest
ADDED from AndroidManifest.xml:2:1
	package
		ADDED from AndroidManifest.xml:3:5
		INJECTED from AndroidManifest.xml:0:0
		INJECTED from AndroidManifest.xml:0:0
	android:versionName
		INJECTED from AndroidManifest.xml:0:0
		INJECTED from AndroidManifest.xml:0:0
	xmlns:android
		ADDED from AndroidManifest.xml:2:11
	android:versionCode
		INJECTED from AndroidManifest.xml:0:0
		INJECTED from AndroidManifest.xml:0:0
application
ADDED from AndroidManifest.xml:5:5
	android:label
		ADDED from AndroidManifest.xml:8:9
	android:allowBackup
		ADDED from AndroidManifest.xml:6:9
	android:icon
		ADDED from AndroidManifest.xml:7:9
	android:theme
		ADDED from AndroidManifest.xml:9:9
activity#com.sqisland.android.animated_vector_drawable.MainActivity
ADDED from AndroidManifest.xml:10:9
	android:label
		ADDED from AndroidManifest.xml:12:13
	android:name
		ADDED from AndroidManifest.xml:11:13
intent-filter#android.intent.action.MAIN+android.intent.category.LAUNCHER
ADDED from AndroidManifest.xml:13:13
action#android.intent.action.MAIN
ADDED from AndroidManifest.xml:14:17
	android:name
		ADDED from AndroidManifest.xml:14:25
category#android.intent.category.LAUNCHER
ADDED from AndroidManifest.xml:15:17
	android:name
		ADDED from AndroidManifest.xml:15:27
activity#com.sqisland.android.animated_vector_drawable.ExampleActivity
ADDED from AndroidManifest.xml:18:7
	android:label
		ADDED from AndroidManifest.xml:20:11
	android:parentActivityName
		ADDED from AndroidManifest.xml:21:11
	android:name
		ADDED from AndroidManifest.xml:19:11
activity#com.sqisland.android.animated_vector_drawable.RotateActivity
ADDED from AndroidManifest.xml:22:7
	android:label
		ADDED from AndroidManifest.xml:24:11
	android:parentActivityName
		ADDED from AndroidManifest.xml:25:11
	android:name
		ADDED from AndroidManifest.xml:23:11
activity#com.sqisland.android.animated_vector_drawable.PathMorphActivity
ADDED from AndroidManifest.xml:26:7
	android:label
		ADDED from AndroidManifest.xml:28:11
	android:parentActivityName
		ADDED from AndroidManifest.xml:29:11
	android:name
		ADDED from AndroidManifest.xml:27:11
activity#com.sqisland.android.animated_vector_drawable.FillInHeartActivity
ADDED from AndroidManifest.xml:30:7
	android:label
		ADDED from AndroidManifest.xml:32:11
	android:parentActivityName
		ADDED from AndroidManifest.xml:33:11
	android:name
		ADDED from AndroidManifest.xml:31:11
uses-sdk
INJECTED from AndroidManifest.xml:0:0 reason: use-sdk injection requested
	android:targetSdkVersion
		INJECTED from AndroidManifest.xml:0:0
		INJECTED from AndroidManifest.xml:0:0
	android:minSdkVersion
		INJECTED from AndroidManifest.xml:0:0
		INJECTED from AndroidManifest.xml:0:0